E:\xampp\htdocs\Assignment\currencyConvertor\login.php info shradha Logged In Successfully
E:\xampp\htdocs\Assignment\currencyConvertor\logout.php info  Logged Out Successfully
E:\xampp\htdocs\Assignment\currencyConvertor\login.php info shradha Logged In Successfully
E:\xampp\htdocs\Assignment\currencyConvertor\logout.php info  Logged Out Successfully
E:\xampp\htdocs\Assignment\currencyConvertor\login.php info shradha Logged In Successfully
E:\xampp\htdocs\Assignment\currencyConvertor\logout.php info  Logged Out Successfully
E:\xampp\htdocs\Assignment\currencyConvertor\login.php info shradha Logged In Successfully
E:\xampp\htdocs\Assignment\currencyConvertor\updateCurrencyRate.php info Currency Rate Record Updated Successfully For INR
E:\xampp\htdocs\Assignment\currencyConvertor\updateCurrencyRate.php info Query UPDATE CURRENCY_MASTER SET CURRENCY_RATE= WHERE CURRENCY_CODE='INR'
E:\xampp\htdocs\Assignment\currencyConvertor\updateCurrencyRate.php info Currency Rate Record Updated Successfully For BSD
E:\xampp\htdocs\Assignment\currencyConvertor\updateCurrencyRate.php info Query UPDATE CURRENCY_MASTER SET CURRENCY_RATE= WHERE CURRENCY_CODE='BSD'
E:\xampp\htdocs\Assignment\currencyConvertor\updateCurrencyRate.php info Currency Rate Record Updated Successfully For USD
E:\xampp\htdocs\Assignment\currencyConvertor\updateCurrencyRate.php info Query UPDATE CURRENCY_MASTER SET CURRENCY_RATE= WHERE CURRENCY_CODE='USD'
E:\xampp\htdocs\Assignment\currencyConvertor\updateCurrencyRate.php info Currency Rate Record Updated Successfully For EUR
E:\xampp\htdocs\Assignment\currencyConvertor\updateCurrencyRate.php info Query UPDATE CURRENCY_MASTER SET CURRENCY_RATE=1 WHERE CURRENCY_CODE='EUR'
E:\xampp\htdocs\Assignment\currencyConvertor\userController.php info  New Record Created Successfully For test
E:\xampp\htdocs\Assignment\currencyConvertor\logout.php info  Logged Out Successfully
E:\xampp\htdocs\Assignment\currencyConvertor\login.php info shradha Logged In Successfully
E:\xampp\htdocs\Assignment\currencyConvertor\logout.php info  Logged Out Successfully
E:\xampp\htdocs\Assignment\currencyConvertor\login.php info shradha Logged In Successfully
E:\xampp\htdocs\Assignment\currencyConvertor\ajax.php info DELETE FROM USER_MASTER WHERE USER_ID='11'
E:\xampp\htdocs\Assignment\currencyConvertor\ajax.php info  Record Deletion SUCCESS for 11
E:\xampp\htdocs\Assignment\currencyConvertor\ajax.php info DELETE FROM USER_MASTER WHERE USER_ID='8'
E:\xampp\htdocs\Assignment\currencyConvertor\ajax.php info  Record Deletion SUCCESS for 8
E:\xampp\htdocs\Assignment\currencyConvertor\userController.php info  New Record Created Successfully For test
E:\xampp\htdocs\Assignment\currencyConvertor\userController.php info  New Record Created Successfully For test
E:\xampp\htdocs\Assignment\currencyConvertor\userController.php info  New Record Created Successfully For test
E:\xampp\htdocs\Assignment\currencyConvertor\userController.php info  New Record Created Successfully For test
E:\xampp\htdocs\Assignment\currencyConvertor\updateCurrencyRate.php info Currency Rate Record Updated Successfully For INR
E:\xampp\htdocs\Assignment\currencyConvertor\updateCurrencyRate.php info Query UPDATE CURRENCY_MASTER SET CURRENCY_RATE=84.711246455766 WHERE CURRENCY_CODE='INR'
E:\xampp\htdocs\Assignment\currencyConvertor\updateCurrencyRate.php info Currency Rate Record Updated Successfully For BSD
E:\xampp\htdocs\Assignment\currencyConvertor\updateCurrencyRate.php info Query UPDATE CURRENCY_MASTER SET CURRENCY_RATE=1.1520889285311 WHERE CURRENCY_CODE='BSD'
E:\xampp\htdocs\Assignment\currencyConvertor\updateCurrencyRate.php info Currency Rate Record Updated Successfully For USD
E:\xampp\htdocs\Assignment\currencyConvertor\updateCurrencyRate.php info Query UPDATE CURRENCY_MASTER SET CURRENCY_RATE=1.1336532083886 WHERE CURRENCY_CODE='USD'
E:\xampp\htdocs\Assignment\currencyConvertor\updateCurrencyRate.php info Currency Rate Record Updated Successfully For EUR
E:\xampp\htdocs\Assignment\currencyConvertor\updateCurrencyRate.php info Query UPDATE CURRENCY_MASTER SET CURRENCY_RATE=1 WHERE CURRENCY_CODE='EUR'
E:\xampp\htdocs\Assignment\currencyConvertor\ipCOntroller.php info  New Record Created Successfully For 
E:\xampp\htdocs\Assignment\currencyConvertor\ipCOntroller.php info  New IP Record added successfully of 12
E:\xampp\htdocs\Assignment\currencyConvertor\ipCOntroller.php info  New IP Record added successfully of 10.10.11.32
E:\xampp\htdocs\Assignment\currencyConvertor\ipCOntroller.php info  New IP Record added successfully of sss
E:\xampp\htdocs\Assignment\currencyConvertor\ipCOntroller.php info  New IP Record added successfully of 
E:\xampp\htdocs\Assignment\currencyConvertor\ipCOntroller.php info  New IP Record added successfully of 123
E:\xampp\htdocs\Assignment\currencyConvertor\ipCOntroller.php info  New IP Record added successfully of hvnh
E:\xampp\htdocs\Assignment\currencyConvertor\ipCOntroller.php info  New IP Record added successfully of 10.10.11.3
E:\xampp\htdocs\Assignment\currencyConvertor\ipCOntroller.php info  New IP Record added successfully of 10.10.11.32
E:\xampp\htdocs\Assignment\currencyConvertor\ipCOntroller.php info  New IP Record added successfully of 127.0.0.1
E:\xampp\htdocs\Assignment\currencyConvertor\ipCOntroller.php info  New IP Record added successfully of 10.10.11.32
E:\xampp\htdocs\Assignment\currencyConvertor\ipCOntroller.php info  New IP Record added successfully of 127.0.0.1
E:\xampp\htdocs\Assignment\currencyConvertor\updateCurrencyRate.php info Currency Rate Record Updated Successfully For INR
E:\xampp\htdocs\Assignment\currencyConvertor\updateCurrencyRate.php info Query UPDATE CURRENCY_MASTER SET CURRENCY_RATE= WHERE CURRENCY_CODE='INR'
E:\xampp\htdocs\Assignment\currencyConvertor\updateCurrencyRate.php info Currency Rate Record Updated Successfully For BSD
E:\xampp\htdocs\Assignment\currencyConvertor\updateCurrencyRate.php info Query UPDATE CURRENCY_MASTER SET CURRENCY_RATE= WHERE CURRENCY_CODE='BSD'
E:\xampp\htdocs\Assignment\currencyConvertor\updateCurrencyRate.php info Currency Rate Record Updated Successfully For USD
E:\xampp\htdocs\Assignment\currencyConvertor\updateCurrencyRate.php info Query UPDATE CURRENCY_MASTER SET CURRENCY_RATE= WHERE CURRENCY_CODE='USD'
E:\xampp\htdocs\Assignment\currencyConvertor\updateCurrencyRate.php info Currency Rate Record Updated Successfully For EUR
E:\xampp\htdocs\Assignment\currencyConvertor\updateCurrencyRate.php info Query UPDATE CURRENCY_MASTER SET CURRENCY_RATE=1 WHERE CURRENCY_CODE='EUR'
E:\xampp\htdocs\Assignment\currencyConvertor\ipCOntroller.php info  New IP Record added successfully of 10.10.11.32
E:\xampp\htdocs\Assignment\currencyConvertor\logout.php info  Logged Out Successfully
E:\xampp\htdocs\Assignment\currencyConvertor\login.php info shradha Logged In Successfully
E:\xampp\htdocs\Assignment\currencyConvertor\logout.php info  Logged Out Successfully
E:\xampp\htdocs\Assignment\currencyConvertor\login.php info shradha Logged In Successfully
E:\xampp\htdocs\Assignment\currencyConvertor\logout.php info  Logged Out Successfully
E:\xampp\htdocs\Assignment\currencyConvertor\login.php info shradha Logged In Successfully
E:\xampp\htdocs\Assignment\currencyConvertor\logout.php info  Logged Out Successfully
E:\xampp\htdocs\Assignment\currencyConvertor\login.php info shradha Logged In Successfully
E:\xampp\htdocs\Assignment\currencyConvertor\updateCurrencyRate.php info Currency Rate Record Updated Successfully For INR
E:\xampp\htdocs\Assignment\currencyConvertor\updateCurrencyRate.php info Query UPDATE CURRENCY_MASTER SET CURRENCY_RATE= WHERE CURRENCY_CODE='INR'
E:\xampp\htdocs\Assignment\currencyConvertor\updateCurrencyRate.php info Currency Rate Record Updated Successfully For BSD
E:\xampp\htdocs\Assignment\currencyConvertor\updateCurrencyRate.php info Query UPDATE CURRENCY_MASTER SET CURRENCY_RATE= WHERE CURRENCY_CODE='BSD'
E:\xampp\htdocs\Assignment\currencyConvertor\updateCurrencyRate.php info Currency Rate Record Updated Successfully For USD
E:\xampp\htdocs\Assignment\currencyConvertor\updateCurrencyRate.php info Query UPDATE CURRENCY_MASTER SET CURRENCY_RATE= WHERE CURRENCY_CODE='USD'
E:\xampp\htdocs\Assignment\currencyConvertor\updateCurrencyRate.php info Currency Rate Record Updated Successfully For EUR
E:\xampp\htdocs\Assignment\currencyConvertor\updateCurrencyRate.php info Query UPDATE CURRENCY_MASTER SET CURRENCY_RATE=1 WHERE CURRENCY_CODE='EUR'
E:\xampp\htdocs\Assignment\currencyConvertor\logout.php info  Logged Out Successfully
E:\xampp\htdocs\Assignment\currencyConvertor\login.php info shradha Logged In Successfully
E:\xampp\htdocs\Assignment\currencyConvertor\login.php info shradha Logged In Successfully
E:\xampp\htdocs\Assignment\currencyConvertor\logout.php info  Logged Out Successfully
E:\xampp\htdocs\Assignment\currencyConvertor\login.php info shradha Logged In Successfully
E:\xampp\htdocs\Assignment\currencyConvertor\logout.php info  Logged Out Successfully
E:\xampp\htdocs\Assignment\currencyConvertor\login.php info shradha Logged In Successfully
E:\xampp\htdocs\Assignment\currencyConvertor\ipCOntroller.php info  New IP Record added successfully of 10.10.11.31
E:\xampp\htdocs\Assignment\currencyConvertor\userController.php info  New Record Created Successfully For rajesh
E:\xampp\htdocs\Assignment\currencyConvertor\updateCurrencyRate.php info Currency Rate Record Updated Successfully For INR
E:\xampp\htdocs\Assignment\currencyConvertor\updateCurrencyRate.php info Query UPDATE CURRENCY_MASTER SET CURRENCY_RATE=84.805104854029 WHERE CURRENCY_CODE='INR'
E:\xampp\htdocs\Assignment\currencyConvertor\updateCurrencyRate.php info Currency Rate Record Updated Successfully For BSD
E:\xampp\htdocs\Assignment\currencyConvertor\updateCurrencyRate.php info Query UPDATE CURRENCY_MASTER SET CURRENCY_RATE=1.1350554909427 WHERE CURRENCY_CODE='BSD'
E:\xampp\htdocs\Assignment\currencyConvertor\updateCurrencyRate.php info Currency Rate Record Updated Successfully For USD
E:\xampp\htdocs\Assignment\currencyConvertor\updateCurrencyRate.php info Query UPDATE CURRENCY_MASTER SET CURRENCY_RATE=1.1350554909427 WHERE CURRENCY_CODE='USD'
E:\xampp\htdocs\Assignment\currencyConvertor\updateCurrencyRate.php info Currency Rate Record Updated Successfully For EUR
E:\xampp\htdocs\Assignment\currencyConvertor\updateCurrencyRate.php info Query UPDATE CURRENCY_MASTER SET CURRENCY_RATE=1 WHERE CURRENCY_CODE='EUR'
E:\xampp\htdocs\Assignment\currencyConvertor\logout.php info  Logged Out Successfully
E:\xampp\htdocs\Assignment\currencyConvertor\login.php info shradha Logged In Successfully
E:\xampp\htdocs\Assignment\currencyConvertor\userController.php info  New Record Created Successfully For shubham
E:\xampp\htdocs\Assignment\currencyConvertor\logout.php info  Logged Out Successfully
E:\xampp\htdocs\Assignment\currencyConvertor\login.php info shubham Logged In Successfully
E:\xampp\htdocs\Assignment\currencyConvertor\logout.php info  Logged Out Successfully
